<?xml version="1.0" encoding="UTF-8"?>
<!-- Generated by org.testng.reporters.JUnitReportReporter -->
<testsuite ignored="0" hostname="DESKTOP-3VDS6S3" failures="0" tests="1" name="loginTest.TC_02_Logout" time="4.114" errors="0" timestamp="16 jul 2022 16:52:38 GMT" skipped="0">
  <testcase classname="loginTest.TC_02_Logout" name="TC_02" time="4.114"/>
</testsuite> <!-- loginTest.TC_02_Logout -->
