<?xml version="1.0" encoding="UTF-8"?>
<!-- Generated by org.testng.reporters.JUnitReportReporter -->
<testsuite ignored="0" hostname="DESKTOP-3VDS6S3" failures="0" tests="1" name="loginTest.TC_01_Login" time="3.270" errors="0" timestamp="16 jul 2022 16:18:04 GMT" skipped="0">
  <testcase classname="loginTest.TC_01_Login" name="TC_01" time="3.270"/>
</testsuite> <!-- loginTest.TC_01_Login -->
