<?xml version="1.0" encoding="UTF-8"?>
<!-- Generated by org.testng.reporters.JUnitReportReporter -->
<testsuite ignored="0" hostname="DESKTOP-3VDS6S3" failures="0" tests="1" name="testSel.hardAssert" time="3.501" errors="0" timestamp="16 jul 2022 14:51:00 GMT" skipped="0">
  <testcase classname="testSel.hardAssert" name="assertEq" time="3.501"/>
</testsuite> <!-- testSel.hardAssert -->
