<?xml version="1.0" encoding="UTF-8"?>
<!-- Generated by org.testng.reporters.JUnitReportReporter -->
<testsuite ignored="0" hostname="DESKTOP-3VDS6S3" failures="0" tests="1" name="loginTest.TC_01_Login" time="1.538" errors="0" timestamp="23 jul 2022 14:16:08 GMT" skipped="0">
  <testcase classname="loginTest.TC_01_Login" name="TC_01" time="1.538"/>
</testsuite> <!-- loginTest.TC_01_Login -->
