<?xml version="1.0" encoding="UTF-8"?>
<!-- Generated by org.testng.reporters.JUnitReportReporter -->
<testsuite ignored="0" hostname="DESKTOP-3VDS6S3" failures="0" tests="1" name="loginTest.TC_04_LoginParam" time="3.222" errors="0" timestamp="23 jul 2022 13:52:19 GMT" skipped="0">
  <testcase classname="loginTest.TC_04_LoginParam" name="TC_04" time="3.222"/>
</testsuite> <!-- loginTest.TC_04_LoginParam -->
