<?xml version="1.0" encoding="UTF-8"?>
<!-- Generated by org.testng.reporters.JUnitReportReporter -->
<testsuite ignored="0" hostname="DESKTOP-3VDS6S3" failures="0" tests="1" name="loginTest.TC_03_Ejercicio1" time="26.192" errors="0" timestamp="21 jul 2022 00:45:50 GMT" skipped="0">
  <testcase classname="loginTest.TC_03_Ejercicio1" name="TC_03" time="26.192"/>
</testsuite> <!-- loginTest.TC_03_Ejercicio1 -->
