<?xml version="1.0" encoding="UTF-8"?>
<!-- Generated by org.testng.reporters.JUnitReportReporter -->
<testsuite ignored="0" hostname="DESKTOP-3VDS6S3" failures="0" tests="1" name="loginTest.TC_05_LoginJson" time="3.262" errors="0" timestamp="23 jul 2022 15:01:24 GMT" skipped="0">
  <testcase classname="loginTest.TC_05_LoginJson" name="TC_05" time="3.262"/>
</testsuite> <!-- loginTest.TC_05_LoginJson -->
