<?xml version="1.0" encoding="UTF-8"?>
<!-- Generated by org.testng.reporters.JUnitReportReporter -->
<testsuite ignored="0" hostname="DESKTOP-3VDS6S3" failures="0" tests="1" name="testSel.SelTest" time="1.593" errors="0" timestamp="25 jun 2022 14:39:44 GMT" skipped="0">
  <testcase classname="testSel.SelTest" name="f" time="1.593"/>
</testsuite> <!-- testSel.SelTest -->
