<?xml version="1.0" encoding="UTF-8"?>
<!-- Generated by org.testng.reporters.JUnitReportReporter -->
<testsuite ignored="0" hostname="DESKTOP-3VDS6S3" failures="0" tests="1" name="loginTest.TC_06_LoginExcel" time="3.370" errors="0" timestamp="23 jul 2022 15:48:09 GMT" skipped="0">
  <testcase classname="loginTest.TC_06_LoginExcel" name="TC_05" time="3.370"/>
</testsuite> <!-- loginTest.TC_06_LoginExcel -->
