<?xml version="1.0" encoding="UTF-8"?>
<!-- Generated by org.testng.reporters.JUnitReportReporter -->
<testsuite ignored="0" hostname="DESKTOP-3VDS6S3" failures="0" tests="1" name="testSel.SelTest" time="2.218" errors="0" timestamp="02 jul 2022 12:55:42 GMT" skipped="0">
  <testcase classname="testSel.SelTest" name="f" time="2.218"/>
</testsuite> <!-- testSel.SelTest -->
